2012-02-06 22:52:48,030 - check_installationERROR - ERROR - Can not import project.
2012-02-07 21:59:48,169 - check_installationERROR - ERROR - Can not import project.
2012-02-07 22:00:33,558 - check_installationERROR - ERROR - Can not import project.
2012-02-07 22:01:20,293 - check_installationERROR - ERROR - Can not import project.
2012-02-07 22:02:05,665 - check_installationERROR - ERROR - Can not import project.
2012-02-07 22:07:27,847 - check_installationERROR - ERROR - Can not import project.
2012-02-07 22:08:14,731 - check_installationERROR - ERROR - Can not import project.
2012-02-07 22:08:41,160 - check_installationERROR - ERROR - Can not import project.
2012-02-07 22:09:57,567 - check_installationERROR - ERROR - Can not import project.
2012-02-07 22:10:31,777 - check_installationERROR - ERROR - Can not import project.
2012-02-07 22:10:47,151 - check_installationERROR - ERROR - Can not import project.
2012-02-07 22:16:20,462 - check_installationERROR - ERROR - Can not import project.
2012-03-06 19:56:47,736 - check_installationERROR - ERROR - Can not install service. Try to check permissions.
2012-03-06 19:56:47,750 - check_installationERROR - ERROR - Return code was 1. Error was: 
2012-03-06 19:57:23,254 - check_installationERROR - ERROR - Tests failed. Check code or tests.
2012-03-06 19:57:23,254 - check_installationERROR - ERROR - Return code was 1. Error was: 
2012-03-16 17:59:42,083 - check_installationERROR - ERROR - Can not import project.
2012-03-16 18:01:49,472 - check_installationERROR - ERROR - Can not import project.
2012-03-19 18:39:36,332 - ERROR - ERROR - 
2012-03-19 18:39:37,787 - ERROR - ERROR - zip_safe flag not set; analyzing archive contents...
annotation_server.manage: module references __file__
annotation_server.check_installation: module references __file__
annotation_server.update_service: module references __file__
annotation_server.settings: module references __file__

2012-03-19 18:39:40,792 - ERROR - ERROR - Can not import project.
2012-03-21 21:03:33,972 - check_installationERROR - ERROR - 
2012-03-21 21:03:35,554 - check_installationERROR - ERROR - zip_safe flag not set; analyzing archive contents...
annotation_server.manage: module references __file__
annotation_server.check_installation: module references __file__
annotation_server.update_service: module references __file__
annotation_server.settings: module references __file__

2012-03-21 21:03:43,185 - check_installationERROR - ERROR - /home/user/.virtualenvs/ttt/local/lib/python2.7/site-packages/django_piston-0.2.3-py2.7.egg/piston/handler.py:27: UserWarning: Handler already registered for model Annotation, you may experience inconsistent results.
  "you may experience inconsistent results." % new_cls.model.__name__)
2012-03-21 14:03:42,418 INFO Create handler works with Logger name = api.handlers
2012-03-21 14:03:42,438 INFO NO CREATOR SUPPLIED!
2012-03-21 14:03:42,468 INFO FOUND DJANGO USER
.2012-03-21 14:03:42,529 INFO Create handler works with Logger name = api.handlers
2012-03-21 14:03:42,531 INFO NO CREATOR SUPPLIED!
2012-03-21 14:03:42,542 INFO === DELETE HANDLER ====
2012-03-21 14:03:42,551 INFO ANNOT.URL /api/annotations/1/18.json
2012-03-21 14:03:42,553 INFO Replies []
2012-03-21 14:03:42,558 INFO [u'http://dlib.nyu.edu/awdl/books/derportrtkopfd00borc/test']
2012-03-21 14:03:42,560 INFO q = []
2012-03-21 14:03:42,561 INFO q.count() = 0
....2012-03-21 14:03:42,783 INFO FOUND DJANGO USER
.......
Name                Stmts   Miss  Cover   Missing
-------------------------------------------------
api                     0      0   100%   
api.admin              20      1    95%   13
api.auth_backends      23      5    78%   12-13, 18-19, 26
api.emiters            29     16    45%   8-9, 13-17, 21-27, 31-35
api.forms              61     11    82%   13-16, 22, 30, 32, 38, 43, 59, 62
api.handlers          182     67    63%   97-102, 129, 136, 148-168, 181-192, 200-204, 209, 216, 221-226, 251-262, 269, 281-297, 299-301, 320-322, 348, 379-382, 389-392
api.middleware          6      0   100%   
api.models             87     17    80%   58, 97, 102-106, 114, 126-127, 150-155, 158
api.urls               11      0   100%   
api.utils             141     33    77%   32, 42-44, 61-78, 116-122, 131, 155-160, 211, 234-235, 252-253, 259
api.xml2dict           31     26    16%   9-12, 16-56, 63-64
profile                 0      0   100%   
profile.models          1      0   100%   
profile.urls            4      0   100%   
profile.views          18      9    50%   13-35
-------------------------------------------------
TOTAL                 614    185    70%   
----------------------------------------------------------------------
Ran 12 tests in 1.059s

OK

2012-03-21 21:05:51,070 - check_installationERROR - ERROR - 
2012-03-21 21:05:51,670 - check_installationERROR - ERROR - zip_safe flag not set; analyzing archive contents...
annotation_server.manage: module references __file__
annotation_server.check_installation: module references __file__
annotation_server.update_service: module references __file__
annotation_server.settings: module references __file__

2012-03-21 21:05:56,010 - check_installationERROR - ERROR - /home/user/.virtualenvs/ttt/local/lib/python2.7/site-packages/django_piston-0.2.3-py2.7.egg/piston/handler.py:27: UserWarning: Handler already registered for model Annotation, you may experience inconsistent results.
  "you may experience inconsistent results." % new_cls.model.__name__)
2012-03-21 14:05:55,304 INFO Create handler works with Logger name = api.handlers
2012-03-21 14:05:55,306 INFO NO CREATOR SUPPLIED!
2012-03-21 14:05:55,332 INFO FOUND DJANGO USER
.2012-03-21 14:05:55,391 INFO Create handler works with Logger name = api.handlers
2012-03-21 14:05:55,407 INFO NO CREATOR SUPPLIED!
2012-03-21 14:05:55,421 INFO === DELETE HANDLER ====
2012-03-21 14:05:55,430 INFO ANNOT.URL /api/annotations/1/18.json
2012-03-21 14:05:55,433 INFO Replies []
2012-03-21 14:05:55,438 INFO [u'http://dlib.nyu.edu/awdl/books/derportrtkopfd00borc/test']
2012-03-21 14:05:55,439 INFO q = []
2012-03-21 14:05:55,440 INFO q.count() = 0
....2012-03-21 14:05:55,661 INFO FOUND DJANGO USER
.......
Name                Stmts   Miss  Cover   Missing
-------------------------------------------------
api                     0      0   100%   
api.admin              20      1    95%   13
api.auth_backends      23      5    78%   12-13, 18-19, 26
api.emiters            29     16    45%   8-9, 13-17, 21-27, 31-35
api.forms              61     11    82%   13-16, 22, 30, 32, 38, 43, 59, 62
api.handlers          182     67    63%   97-102, 129, 136, 148-168, 181-192, 200-204, 209, 216, 221-226, 251-262, 269, 281-297, 299-301, 320-322, 348, 379-382, 389-392
api.middleware          6      0   100%   
api.models             87     17    80%   58, 97, 102-106, 114, 126-127, 150-155, 158
api.urls               11      0   100%   
api.utils             141     33    77%   32, 42-44, 61-78, 116-122, 131, 155-160, 211, 234-235, 252-253, 259
api.xml2dict           31     26    16%   9-12, 16-56, 63-64
profile                 0      0   100%   
profile.models          1      0   100%   
profile.urls            4      0   100%   
profile.views          18      9    50%   13-35
-------------------------------------------------
TOTAL                 614    185    70%   
----------------------------------------------------------------------
Ran 12 tests in 0.711s

OK

2012-03-21 21:06:57,312 - check_installationERROR - ERROR - 
2012-03-21 21:06:57,929 - check_installationERROR - ERROR - zip_safe flag not set; analyzing archive contents...
annotation_server.manage: module references __file__
annotation_server.check_installation: module references __file__
annotation_server.update_service: module references __file__
annotation_server.settings: module references __file__

2012-03-21 21:07:02,235 - check_installationERROR - ERROR - /home/user/.virtualenvs/ttt/local/lib/python2.7/site-packages/django_piston-0.2.3-py2.7.egg/piston/handler.py:27: UserWarning: Handler already registered for model Annotation, you may experience inconsistent results.
  "you may experience inconsistent results." % new_cls.model.__name__)
2012-03-21 14:07:01,559 INFO Create handler works with Logger name = api.handlers
2012-03-21 14:07:01,562 INFO NO CREATOR SUPPLIED!
2012-03-21 14:07:01,586 INFO FOUND DJANGO USER
.2012-03-21 14:07:01,645 INFO Create handler works with Logger name = api.handlers
2012-03-21 14:07:01,647 INFO NO CREATOR SUPPLIED!
2012-03-21 14:07:01,657 INFO === DELETE HANDLER ====
2012-03-21 14:07:01,666 INFO ANNOT.URL /api/annotations/1/18.json
2012-03-21 14:07:01,669 INFO Replies []
2012-03-21 14:07:01,674 INFO [u'http://dlib.nyu.edu/awdl/books/derportrtkopfd00borc/test']
2012-03-21 14:07:01,675 INFO q = []
2012-03-21 14:07:01,676 INFO q.count() = 0
....2012-03-21 14:07:01,893 INFO FOUND DJANGO USER
.......
Name                Stmts   Miss  Cover   Missing
-------------------------------------------------
api                     0      0   100%   
api.admin              20      1    95%   13
api.auth_backends      23      5    78%   12-13, 18-19, 26
api.emiters            29     16    45%   8-9, 13-17, 21-27, 31-35
api.forms              61     11    82%   13-16, 22, 30, 32, 38, 43, 59, 62
api.handlers          182     67    63%   97-102, 129, 136, 148-168, 181-192, 200-204, 209, 216, 221-226, 251-262, 269, 281-297, 299-301, 320-322, 348, 379-382, 389-392
api.middleware          6      0   100%   
api.models             87     17    80%   58, 97, 102-106, 114, 126-127, 150-155, 158
api.urls               11      0   100%   
api.utils             141     33    77%   32, 42-44, 61-78, 116-122, 131, 155-160, 211, 234-235, 252-253, 259
api.xml2dict           31     26    16%   9-12, 16-56, 63-64
profile                 0      0   100%   
profile.models          1      0   100%   
profile.urls            4      0   100%   
profile.views          18      9    50%   13-35
-------------------------------------------------
TOTAL                 614    185    70%   
----------------------------------------------------------------------
Ran 12 tests in 0.681s

OK

2012-03-21 21:10:08,460 - check_installationERROR - ERROR - 
2012-03-21 21:10:09,054 - check_installationERROR - ERROR - zip_safe flag not set; analyzing archive contents...
annotation_server.manage: module references __file__
annotation_server.check_installation: module references __file__
annotation_server.update_service: module references __file__
annotation_server.settings: module references __file__

2012-03-21 21:10:12,058 - check_installationERROR - ERROR - Can not import project.
2012-03-21 21:10:50,486 - /home/user/work/nyu/src/annotation_server/check_installationERROR - ERROR - zip_safe flag not set; analyzing archive contents...
annotation_server.manage: module references __file__
annotation_server.check_installation: module references __file__
annotation_server.update_service: module references __file__
annotation_server.settings: module references __file__

2012-03-21 21:12:11,787 - check_installationERROR - ERROR - 
2012-03-21 21:12:12,418 - check_installationERROR - ERROR - zip_safe flag not set; analyzing archive contents...
annotation_server.manage: module references __file__
annotation_server.check_installation: module references __file__
annotation_server.update_service: module references __file__
annotation_server.settings: module references __file__

2012-03-21 21:12:16,725 - check_installationERROR - ERROR - /home/user/.virtualenvs/ttt/local/lib/python2.7/site-packages/django_piston-0.2.3-py2.7.egg/piston/handler.py:27: UserWarning: Handler already registered for model Annotation, you may experience inconsistent results.
  "you may experience inconsistent results." % new_cls.model.__name__)
2012-03-21 14:12:16,044 INFO Create handler works with Logger name = api.handlers
2012-03-21 14:12:16,047 INFO NO CREATOR SUPPLIED!
2012-03-21 14:12:16,071 INFO FOUND DJANGO USER
.2012-03-21 14:12:16,129 INFO Create handler works with Logger name = api.handlers
2012-03-21 14:12:16,131 INFO NO CREATOR SUPPLIED!
2012-03-21 14:12:16,141 INFO === DELETE HANDLER ====
2012-03-21 14:12:16,150 INFO ANNOT.URL /api/annotations/1/18.json
2012-03-21 14:12:16,152 INFO Replies []
2012-03-21 14:12:16,163 INFO [u'http://dlib.nyu.edu/awdl/books/derportrtkopfd00borc/test']
2012-03-21 14:12:16,165 INFO q = []
2012-03-21 14:12:16,166 INFO q.count() = 0
....2012-03-21 14:12:16,385 INFO FOUND DJANGO USER
.......
Name                Stmts   Miss  Cover   Missing
-------------------------------------------------
api                     0      0   100%   
api.admin              20      1    95%   13
api.auth_backends      23      5    78%   12-13, 18-19, 26
api.emiters            29     16    45%   8-9, 13-17, 21-27, 31-35
api.forms              61     11    82%   13-16, 22, 30, 32, 38, 43, 59, 62
api.handlers          182     67    63%   97-102, 129, 136, 148-168, 181-192, 200-204, 209, 216, 221-226, 251-262, 269, 281-297, 299-301, 320-322, 348, 379-382, 389-392
api.middleware          6      0   100%   
api.models             87     17    80%   58, 97, 102-106, 114, 126-127, 150-155, 158
api.urls               11      0   100%   
api.utils             141     33    77%   32, 42-44, 61-78, 116-122, 131, 155-160, 211, 234-235, 252-253, 259
api.xml2dict           31     26    16%   9-12, 16-56, 63-64
profile                 0      0   100%   
profile.models          1      0   100%   
profile.urls            4      0   100%   
profile.views          18      9    50%   13-35
-------------------------------------------------
TOTAL                 614    185    70%   
----------------------------------------------------------------------
Ran 12 tests in 0.685s

OK

2012-03-21 21:12:28,798 - check_installationERROR - ERROR - 
2012-03-21 21:12:29,498 - check_installationERROR - ERROR - zip_safe flag not set; analyzing archive contents...
annotation_server.manage: module references __file__
annotation_server.check_installation: module references __file__
annotation_server.update_service: module references __file__
annotation_server.settings: module references __file__

2012-03-21 21:12:32,502 - check_installationERROR - ERROR - Can not import project.
2012-03-21 21:13:35,089 - check_installationERROR - ERROR - 
2012-03-21 21:13:35,743 - check_installationERROR - ERROR - zip_safe flag not set; analyzing archive contents...
annotation_server.manage: module references __file__
annotation_server.check_installation: module references __file__
annotation_server.update_service: module references __file__
annotation_server.settings: module references __file__

2012-03-21 21:13:45,753 - check_installationERROR - ERROR - Can not import project.
2012-03-21 21:15:27,357 - check_installationERROR - ERROR - 
2012-03-21 21:15:27,953 - check_installationERROR - ERROR - zip_safe flag not set; analyzing archive contents...
annotation_server.manage: module references __file__
annotation_server.check_installation: module references __file__
annotation_server.update_service: module references __file__
annotation_server.settings: module references __file__

2012-03-21 21:15:33,961 - check_installationERROR - ERROR - Can not import project.
2012-03-21 21:17:14,696 - check_installationERROR - ERROR - 
2012-03-21 21:17:15,307 - check_installationERROR - ERROR - zip_safe flag not set; analyzing archive contents...
annotation_server.manage: module references __file__
annotation_server.check_installation: module references __file__
annotation_server.update_service: module references __file__
annotation_server.settings: module references __file__

2012-03-21 21:17:34,628 - check_installationERROR - ERROR - /home/user/.virtualenvs/ttt/local/lib/python2.7/site-packages/django_piston-0.2.3-py2.7.egg/piston/handler.py:27: UserWarning: Handler already registered for model Annotation, you may experience inconsistent results.
  "you may experience inconsistent results." % new_cls.model.__name__)
2012-03-21 14:17:33,951 INFO Create handler works with Logger name = api.handlers
2012-03-21 14:17:33,953 INFO NO CREATOR SUPPLIED!
2012-03-21 14:17:33,978 INFO FOUND DJANGO USER
.2012-03-21 14:17:34,037 INFO Create handler works with Logger name = api.handlers
2012-03-21 14:17:34,039 INFO NO CREATOR SUPPLIED!
2012-03-21 14:17:34,049 INFO === DELETE HANDLER ====
2012-03-21 14:17:34,058 INFO ANNOT.URL /api/annotations/1/18.json
2012-03-21 14:17:34,060 INFO Replies []
2012-03-21 14:17:34,065 INFO [u'http://dlib.nyu.edu/awdl/books/derportrtkopfd00borc/test']
2012-03-21 14:17:34,067 INFO q = []
2012-03-21 14:17:34,067 INFO q.count() = 0
....2012-03-21 14:17:34,285 INFO FOUND DJANGO USER
.......
Name                Stmts   Miss  Cover   Missing
-------------------------------------------------
api                     0      0   100%   
api.admin              20      1    95%   13
api.auth_backends      23      5    78%   12-13, 18-19, 26
api.emiters            29     16    45%   8-9, 13-17, 21-27, 31-35
api.forms              61     11    82%   13-16, 22, 30, 32, 38, 43, 59, 62
api.handlers          182     67    63%   97-102, 129, 136, 148-168, 181-192, 200-204, 209, 216, 221-226, 251-262, 269, 281-297, 299-301, 320-322, 348, 379-382, 389-392
api.middleware          6      0   100%   
api.models             87     17    80%   58, 97, 102-106, 114, 126-127, 150-155, 158
api.urls               11      0   100%   
api.utils             141     33    77%   32, 42-44, 61-78, 116-122, 131, 155-160, 211, 234-235, 252-253, 259
api.xml2dict           31     26    16%   9-12, 16-56, 63-64
profile                 0      0   100%   
profile.models          1      0   100%   
profile.urls            4      0   100%   
profile.views          18      9    50%   13-35
-------------------------------------------------
TOTAL                 614    185    70%   
----------------------------------------------------------------------
Ran 12 tests in 0.682s

OK

2012-03-21 21:17:39,364 - check_installationERROR - ERROR - 
2012-03-21 21:17:39,980 - check_installationERROR - ERROR - zip_safe flag not set; analyzing archive contents...
annotation_server.manage: module references __file__
annotation_server.check_installation: module references __file__
annotation_server.update_service: module references __file__
annotation_server.settings: module references __file__

2012-03-21 21:17:57,997 - check_installationERROR - ERROR - Can not import project.
2012-04-11 18:30:41,167 - /home/user/work/nyu/src/annotation_server/check_installationERROR - ERROR - zip_safe flag not set; analyzing archive contents...
annotation_server.manage: module references __file__
annotation_server.check_installation: module references __file__
annotation_server.update_service: module references __file__
annotation_server.settings: module references __file__

2012-04-11 18:31:02,405 - /home/user/work/nyu/src/annotation_server/check_installationERROR - ERROR - zip_safe flag not set; analyzing archive contents...
annotation_server.manage: module references __file__
annotation_server.check_installation: module references __file__
annotation_server.update_service: module references __file__
annotation_server.settings: module references __file__

2012-04-11 18:33:06,068 - /home/user/work/nyu/src/annotation_server/check_installationERROR - ERROR - zip_safe flag not set; analyzing archive contents...
annotation_server.manage: module references __file__
annotation_server.check_installation: module references __file__
annotation_server.update_service: module references __file__
annotation_server.settings: module references __file__

2012-04-11 18:33:12,892 - /home/user/work/nyu/src/annotation_server/check_installationERROR - ERROR - zip_safe flag not set; analyzing archive contents...
annotation_server.manage: module references __file__
annotation_server.check_installation: module references __file__
annotation_server.update_service: module references __file__
annotation_server.settings: module references __file__

2012-04-11 18:35:48,989 - /home/user/work/nyu/src/annotation_server/check_installationERROR - ERROR - zip_safe flag not set; analyzing archive contents...
annotation_server.manage: module references __file__
annotation_server.check_installation: module references __file__
annotation_server.update_service: module references __file__
annotation_server.settings: module references __file__

2012-04-11 18:36:40,753 - /home/user/work/nyu/src/annotation_server/check_installationERROR - ERROR - zip_safe flag not set; analyzing archive contents...
annotation_server.manage: module references __file__
annotation_server.check_installation: module references __file__
annotation_server.update_service: module references __file__
annotation_server.settings: module references __file__

2012-04-11 18:37:10,646 - /home/user/work/nyu/src/annotation_server/check_installationERROR - ERROR - zip_safe flag not set; analyzing archive contents...
annotation_server.manage: module references __file__
annotation_server.check_installation: module references __file__
annotation_server.update_service: module references __file__
annotation_server.settings: module references __file__

2012-04-11 18:37:26,295 - /home/user/work/nyu/src/annotation_server/check_installationERROR - ERROR - zip_safe flag not set; analyzing archive contents...
annotation_server.manage: module references __file__
annotation_server.check_installation: module references __file__
annotation_server.update_service: module references __file__
annotation_server.settings: module references __file__

2012-04-11 18:37:38,524 - /home/user/work/nyu/src/annotation_server/check_installationERROR - ERROR - zip_safe flag not set; analyzing archive contents...
annotation_server.manage: module references __file__
annotation_server.check_installation: module references __file__
annotation_server.update_service: module references __file__
annotation_server.settings: module references __file__

2012-04-11 18:37:46,108 - /home/user/work/nyu/src/annotation_server/check_installationERROR - ERROR - zip_safe flag not set; analyzing archive contents...
annotation_server.manage: module references __file__
annotation_server.check_installation: module references __file__
annotation_server.update_service: module references __file__
annotation_server.settings: module references __file__

2012-04-11 18:39:30,008 - /home/user/work/nyu/src/annotation_server/check_installationERROR - ERROR - zip_safe flag not set; analyzing archive contents...
annotation_server.manage: module references __file__
annotation_server.check_installation: module references __file__
annotation_server.update_service: module references __file__
annotation_server.settings: module references __file__

2012-04-13 17:10:23,459 - /home/user/work/nyu/src/annotation_server/check_installationERROR - ERROR - zip_safe flag not set; analyzing archive contents...
annotation_server.manage: module references __file__
annotation_server.check_installation: module references __file__
annotation_server.update_service: module references __file__
annotation_server.settings: module references __file__

2012-04-18 17:36:09,362 - ERROR - ERROR - 
2012-04-18 17:36:10,759 - ERROR - ERROR - zip_safe flag not set; analyzing archive contents...
annotation_server.manage: module references __file__
annotation_server.check_installation: module references __file__
annotation_server.update_service: module references __file__
annotation_server.settings: module references __file__

2012-04-18 17:36:22,526 - ERROR - ERROR - /home/user/.virtualenvs/ttt/local/lib/python2.7/site-packages/django_piston-0.2.3-py2.7.egg/piston/handler.py:27: UserWarning: Handler already registered for model Annotation, you may experience inconsistent results.
  "you may experience inconsistent results." % new_cls.model.__name__)
2012-04-18 09:36:21,524 INFO get_or_create_user FUNC
2012-04-18 09:36:21,553 INFO User is Authenticated
2012-04-18 09:36:21,579 INFO FOUND DJANGO USER
.2012-04-18 09:36:21,634 INFO get_or_create_user FUNC
2012-04-18 09:36:21,636 INFO User is Authenticated
.2012-04-18 09:36:21,691 INFO get_or_create_user FUNC
2012-04-18 09:36:21,693 INFO User is Authenticated
.2012-04-18 09:36:21,759 INFO get_or_create_user FUNC
2012-04-18 09:36:21,762 INFO User is Authenticated
2012-04-18 09:36:21,775 INFO === DELETE HANDLER ====
2012-04-18 09:36:21,776 INFO admin
2012-04-18 09:36:21,784 INFO ANNOT.URL /api/annotations/1/18.json
2012-04-18 09:36:21,786 INFO Replies []
2012-04-18 09:36:21,792 INFO [u'http://dlib.nyu.edu/awdl/books/derportrtkopfd00borc/test']
2012-04-18 09:36:21,793 INFO q = []
2012-04-18 09:36:21,794 INFO q.count() = 0
....2012-04-18 09:36:21,994 INFO FOUND DJANGO USER
.......
Name                Stmts   Miss  Cover   Missing
-------------------------------------------------
api                     0      0   100%   
api.admin              20      1    95%   13
api.auth_backends      23      5    78%   12-13, 18-19, 26
api.emiters            29     16    45%   8-9, 13-17, 21-27, 31-35
api.forms              61     11    82%   13-16, 22, 30, 32, 38, 43, 59, 62
api.handlers          186     55    70%   97-102, 129, 136, 148-168, 181-192, 200-204, 209, 216, 221-226, 251-252, 260-261, 284, 309, 311-313, 332-334, 360, 391-395, 402-405
api.middleware          6      0   100%   
api.models             84     15    82%   59, 100-104, 112, 124-125, 148-153
api.urls               11      0   100%   
api.utils             141     33    77%   32, 42-44, 61-78, 116-122, 131, 155-160, 211, 234-235, 252-253, 259
api.xml2dict           31     26    16%   9-12, 16-56, 63-64
profile                 0      0   100%   
profile.models          1      0   100%   
profile.urls            4      0   100%   
profile.views          18      9    50%   13-35
-------------------------------------------------
TOTAL                 615    171    72%   
----------------------------------------------------------------------
Ran 14 tests in 1.646s

OK

2012-04-18 17:40:31,769 - check_installationERROR - ERROR - 
2012-04-18 17:40:31,877 - check_installationERROR - ERROR - error: can't create or remove files in install directory

The following error occurred while trying to add or remove files in the
installation directory:

    [Errno 13] Permission denied: '/usr/local/lib/python2.7/dist-packages/test-easy-install-1309.pth'

The installation directory you specified (via --install-dir, --prefix, or
the distutils default setting) was:

    /usr/local/lib/python2.7/dist-packages/

Perhaps your account does not have write access to this directory?  If the
installation directory is a system-owned directory, you may need to sign in
as the administrator or "root" account.  If you do not have administrative
access to this machine, you may wish to choose a different installation
directory, preferably one that is listed in your PYTHONPATH environment
variable.

For information on other options, you may wish to consult the
documentation at:

  http://packages.python.org/distribute/easy_install.html

Please make the appropriate changes for your system and try again.


2012-04-18 17:40:31,878 - check_installationERROR - ERROR - Can not install service. Try to check permissions.
2012-04-18 17:40:31,878 - check_installationERROR - ERROR - Return code was 1. Error was: 
2012-04-18 17:40:39,937 - check_installationERROR - ERROR - 
2012-04-18 17:40:40,043 - check_installationERROR - ERROR - error: can't create or remove files in install directory

The following error occurred while trying to add or remove files in the
installation directory:

    [Errno 13] Permission denied: '/usr/local/lib/python2.7/dist-packages/test-easy-install-1315.pth'

The installation directory you specified (via --install-dir, --prefix, or
the distutils default setting) was:

    /usr/local/lib/python2.7/dist-packages/

Perhaps your account does not have write access to this directory?  If the
installation directory is a system-owned directory, you may need to sign in
as the administrator or "root" account.  If you do not have administrative
access to this machine, you may wish to choose a different installation
directory, preferably one that is listed in your PYTHONPATH environment
variable.

For information on other options, you may wish to consult the
documentation at:

  http://packages.python.org/distribute/easy_install.html

Please make the appropriate changes for your system and try again.


2012-04-18 17:40:40,043 - check_installationERROR - ERROR - Can not install service. Try to check permissions.
2012-04-18 17:40:40,043 - check_installationERROR - ERROR - Return code was 1. Error was: 
2012-04-18 17:40:41,998 - check_installationERROR - ERROR - 
2012-04-18 17:40:42,104 - check_installationERROR - ERROR - error: can't create or remove files in install directory

The following error occurred while trying to add or remove files in the
installation directory:

    [Errno 13] Permission denied: '/usr/local/lib/python2.7/dist-packages/test-easy-install-1318.pth'

The installation directory you specified (via --install-dir, --prefix, or
the distutils default setting) was:

    /usr/local/lib/python2.7/dist-packages/

Perhaps your account does not have write access to this directory?  If the
installation directory is a system-owned directory, you may need to sign in
as the administrator or "root" account.  If you do not have administrative
access to this machine, you may wish to choose a different installation
directory, preferably one that is listed in your PYTHONPATH environment
variable.

For information on other options, you may wish to consult the
documentation at:

  http://packages.python.org/distribute/easy_install.html

Please make the appropriate changes for your system and try again.


2012-04-18 17:40:42,104 - check_installationERROR - ERROR - Can not install service. Try to check permissions.
2012-04-18 17:40:42,104 - check_installationERROR - ERROR - Return code was 1. Error was: 
2012-04-18 17:40:48,797 - check_installationERROR - ERROR - 
2012-04-18 17:40:49,363 - check_installationERROR - ERROR - zip_safe flag not set; analyzing archive contents...
annotation_server.manage: module references __file__
annotation_server.check_installation: module references __file__
annotation_server.update_service: module references __file__
annotation_server.settings: module references __file__

2012-04-18 17:40:53,620 - check_installationERROR - ERROR - /home/user/.virtualenvs/test/local/lib/python2.7/site-packages/django_piston-0.2.3-py2.7.egg/piston/handler.py:27: UserWarning: Handler already registered for model Annotation, you may experience inconsistent results.
  "you may experience inconsistent results." % new_cls.model.__name__)
2012-04-18 09:40:52,927 INFO get_or_create_user FUNC
2012-04-18 09:40:52,929 INFO User is Authenticated
2012-04-18 09:40:52,952 INFO FOUND DJANGO USER
.2012-04-18 09:40:53,001 INFO get_or_create_user FUNC
2012-04-18 09:40:53,003 INFO User is Authenticated
.2012-04-18 09:40:53,048 INFO get_or_create_user FUNC
2012-04-18 09:40:53,050 INFO User is Authenticated
.2012-04-18 09:40:53,108 INFO get_or_create_user FUNC
2012-04-18 09:40:53,110 INFO User is Authenticated
2012-04-18 09:40:53,121 INFO === DELETE HANDLER ====
2012-04-18 09:40:53,121 INFO admin
2012-04-18 09:40:53,129 INFO ANNOT.URL /api/annotations/1/18.json
2012-04-18 09:40:53,142 INFO Replies []
2012-04-18 09:40:53,149 INFO [u'http://dlib.nyu.edu/awdl/books/derportrtkopfd00borc/test']
2012-04-18 09:40:53,150 INFO q = []
2012-04-18 09:40:53,151 INFO q.count() = 0
....2012-04-18 09:40:53,328 INFO FOUND DJANGO USER
.......
Name                Stmts   Miss  Cover   Missing
-------------------------------------------------
api                     0      0   100%   
api.admin              20      1    95%   13
api.auth_backends      23      5    78%   12-13, 18-19, 26
api.emiters            29     16    45%   8-9, 13-17, 21-27, 31-35
api.forms              61     11    82%   13-16, 22, 30, 32, 38, 43, 59, 62
api.handlers          186     55    70%   97-102, 129, 136, 148-168, 181-192, 200-204, 209, 216, 221-226, 251-252, 260-261, 284, 309, 311-313, 332-334, 360, 391-395, 402-405
api.middleware          6      0   100%   
api.models             84     15    82%   59, 100-104, 112, 124-125, 148-153
api.urls               11      0   100%   
api.utils             141     33    77%   32, 42-44, 61-78, 116-122, 131, 155-160, 211, 234-235, 252-253, 259
api.xml2dict           31     26    16%   9-12, 16-56, 63-64
profile                 0      0   100%   
profile.models          1      0   100%   
profile.urls            4      0   100%   
profile.views          18      9    50%   13-35
-------------------------------------------------
TOTAL                 615    171    72%   
----------------------------------------------------------------------
Ran 14 tests in 0.691s

OK

2012-04-18 17:42:38,554 - check_installationERROR - ERROR - 
2012-04-18 17:42:39,123 - check_installationERROR - ERROR - zip_safe flag not set; analyzing archive contents...
annotation_server.manage: module references __file__
annotation_server.check_installation: module references __file__
annotation_server.update_service: module references __file__
annotation_server.settings: module references __file__

2012-04-18 17:42:43,375 - check_installationERROR - ERROR - /home/user/.virtualenvs/test/local/lib/python2.7/site-packages/django_piston-0.2.3-py2.7.egg/piston/handler.py:27: UserWarning: Handler already registered for model Annotation, you may experience inconsistent results.
  "you may experience inconsistent results." % new_cls.model.__name__)
2012-04-18 09:42:42,681 INFO get_or_create_user FUNC
2012-04-18 09:42:42,684 INFO User is Authenticated
2012-04-18 09:42:42,709 INFO FOUND DJANGO USER
.2012-04-18 09:42:42,760 INFO get_or_create_user FUNC
2012-04-18 09:42:42,762 INFO User is Authenticated
.2012-04-18 09:42:42,810 INFO get_or_create_user FUNC
2012-04-18 09:42:42,812 INFO User is Authenticated
.2012-04-18 09:42:42,872 INFO get_or_create_user FUNC
2012-04-18 09:42:42,874 INFO User is Authenticated
2012-04-18 09:42:42,886 INFO === DELETE HANDLER ====
2012-04-18 09:42:42,886 INFO admin
2012-04-18 09:42:42,895 INFO ANNOT.URL /api/annotations/1/18.json
2012-04-18 09:42:42,897 INFO Replies []
2012-04-18 09:42:42,902 INFO [u'http://dlib.nyu.edu/awdl/books/derportrtkopfd00borc/test']
2012-04-18 09:42:42,903 INFO q = []
2012-04-18 09:42:42,904 INFO q.count() = 0
....2012-04-18 09:42:43,084 INFO FOUND DJANGO USER
.......
Name                Stmts   Miss  Cover   Missing
-------------------------------------------------
api                     0      0   100%   
api.admin              20      1    95%   13
api.auth_backends      23      5    78%   12-13, 18-19, 26
api.emiters            29     16    45%   8-9, 13-17, 21-27, 31-35
api.forms              61     11    82%   13-16, 22, 30, 32, 38, 43, 59, 62
api.handlers          186     55    70%   97-102, 129, 136, 148-168, 181-192, 200-204, 209, 216, 221-226, 251-252, 260-261, 284, 309, 311-313, 332-334, 360, 391-395, 402-405
api.middleware          6      0   100%   
api.models             84     15    82%   59, 100-104, 112, 124-125, 148-153
api.urls               11      0   100%   
api.utils             141     33    77%   32, 42-44, 61-78, 116-122, 131, 155-160, 211, 234-235, 252-253, 259
api.xml2dict           31     26    16%   9-12, 16-56, 63-64
profile                 0      0   100%   
profile.models          1      0   100%   
profile.urls            4      0   100%   
profile.views          18      9    50%   13-35
-------------------------------------------------
TOTAL                 615    171    72%   
----------------------------------------------------------------------
Ran 14 tests in 0.699s

OK

2012-04-19 17:01:52,794 - /home/user/work/nyu/src/annotation_server/check_installationERROR - ERROR - zip_safe flag not set; analyzing archive contents...
annotation_server.manage: module references __file__
annotation_server.check_installation: module references __file__
annotation_server.update_service: module references __file__
annotation_server.settings: module references __file__

2012-04-19 17:02:46,878 - /home/user/work/nyu/src/annotation_server/check_installationERROR - ERROR - zip_safe flag not set; analyzing archive contents...
annotation_server.manage: module references __file__
annotation_server.check_installation: module references __file__
annotation_server.update_service: module references __file__
annotation_server.settings: module references __file__

